<?xml version="1.0" encoding="UTF-8"?>
<testng-results skipped="0" failed="0" total="1" passed="1">
  <reporter-output>
  </reporter-output>
  <suite name="Suite" duration-ms="23" started-at="2019-09-12T07:26:54Z" finished-at="2019-09-12T07:26:54Z">
    <groups>
    </groups>
    <test name="Test" duration-ms="23" started-at="2019-09-12T07:26:54Z" finished-at="2019-09-12T07:26:54Z">
      <class name="com.dev.build.BuildDev">
        <test-method status="PASS" signature="devBuild()[pri:0, instance:com.dev.build.BuildDev@7c0e2abd]" name="devBuild" duration-ms="10" started-at="2019-09-12T12:56:54Z" finished-at="2019-09-12T12:56:54Z">
          <reporter-output>
          </reporter-output>
        </test-method> <!-- devBuild -->
      </class> <!-- com.dev.build.BuildDev -->
    </test> <!-- Test -->
  </suite> <!-- Suite -->
</testng-results>
